<?xml version="1.0" encoding="UTF-8"?>
<testsuite name="AppTest" tests="5" skipped="0" failures="0" errors="0" timestamp="2016-02-08T23:31:35" hostname="epicodus-55.local" time="0.002">
  <properties/>
  <testcase name="leetspeak_returnsAStringWithTheEsReplacedWithThrees" classname="AppTest" time="0.001"/>
  <testcase name="leetspeak_CapitalIsReplacedWithOnes" classname="AppTest" time="0.0"/>
  <testcase name="leetspeak_osReplacedWithZeroes" classname="AppTest" time="0.0"/>
  <testcase name="leetspeak_SIsReplacedWithZ" classname="AppTest" time="0.0"/>
  <testcase name="leetspeak_returnsAStringAsIsWhenNoLeetspeakIsPresent_wordDoesntChange" classname="AppTest" time="0.0"/>
  <system-out><![CDATA[]]></system-out>
  <system-err><![CDATA[]]></system-err>
</testsuite>
